# JRE version: Java(TM) SE Runtime Environment (11.0.2+9) (build 11.0.2+9-LTS)
# Java VM: Java HotSpot(TM) 64-Bit Server VM (11.0.2+9-LTS, mixed mode, tiered, compressed oops, g1 gc, linux-amd64)
Heap:
 garbage-first heap   total 260096K, used 45340K [0x00000000a0000000, 0x0000000100000000)
  region size 1024K, 5 young (5120K), 5 survivors (5120K)
 Metaspace       used 93909K, capacity 99484K, committed 99584K, reserved 1132544K
  class space    used 13489K, capacity 16364K, committed 16384K, reserved 1048576K
GC Heap History (10 events):
Event: 17,414 GC heap after
{Heap after GC invocations=28 (full 0):
 garbage-first heap   total 133120K, used 43032K [0x00000000a0000000, 0x0000000100000000)
  region size 1024K, 5 young (5120K), 5 survivors (5120K)
 Metaspace       used 93748K, capacity 99284K, committed 99328K, reserved 1132544K
  class space    used 13489K, capacity 16364K, committed 16384K, reserved 1048576K
}
Event: 17,687 GC heap before
{Heap before GC invocations=28 (full 0):
 garbage-first heap   total 133120K, used 96280K [0x00000000a0000000, 0x0000000100000000)
  region size 1024K, 57 young (58368K), 5 survivors (5120K)
 Metaspace       used 93856K, capacity 99416K, committed 99584K, reserved 1132544K
  class space    used 13489K, capacity 16364K, committed 16384K, reserved 1048576K
}
Event: 17,697 GC heap after
{Heap after GC invocations=29 (full 0):
 garbage-first heap   total 133120K, used 43861K [0x00000000a0000000, 0x0000000100000000)
  region size 1024K, 5 young (5120K), 5 survivors (5120K)
 Metaspace       used 93856K, capacity 99416K, committed 99584K, reserved 1132544K
  class space    used 13489K, capacity 16364K, committed 16384K, reserved 1048576K
}
Event: 17,837 GC heap before
{Heap before GC invocations=29 (full 0):
 garbage-first heap   total 133120K, used 107349K [0x00000000a0000000, 0x0000000100000000)
  region size 1024K, 67 young (68608K), 5 survivors (5120K)
 Metaspace       used 93900K, capacity 99484K, committed 99584K, reserved 1132544K
  class space    used 13489K, capacity 16364K, committed 16384K, reserved 1048576K
}
Event: 17,890 GC heap after
{Heap after GC invocations=30 (full 0):
 garbage-first heap   total 133120K, used 44366K [0x00000000a0000000, 0x0000000100000000)
  region size 1024K, 5 young (5120K), 5 survivors (5120K)
 Metaspace       used 93900K, capacity 99484K, committed 99584K, reserved 1132544K
  class space    used 13489K, capacity 16364K, committed 16384K, reserved 1048576K
}
Event: 17,995 GC heap before
{Heap before GC invocations=30 (full 0):
 garbage-first heap   total 133120K, used 106830K [0x00000000a0000000, 0x0000000100000000)
  region size 1024K, 66 young (67584K), 5 survivors (5120K)
 Metaspace       used 93904K, capacity 99484K, committed 99584K, reserved 1132544K
  class space    used 13489K, capacity 16364K, committed 16384K, reserved 1048576K
}
Event: 18,001 GC heap after
{Heap after GC invocations=31 (full 0):
 garbage-first heap   total 133120K, used 44538K [0x00000000a0000000, 0x0000000100000000)
  region size 1024K, 4 young (4096K), 4 survivors (4096K)
 Metaspace       used 93904K, capacity 99484K, committed 99584K, reserved 1132544K
  class space    used 13489K, capacity 16364K, committed 16384K, reserved 1048576K
}
Event: 18,359 GC heap before
{Heap before GC invocations=31 (full 0):
 garbage-first heap   total 133120K, used 108026K [0x00000000a0000000, 0x0000000100000000)
  region size 1024K, 66 young (67584K), 4 survivors (4096K)
 Metaspace       used 93907K, capacity 99484K, committed 99584K, reserved 1132544K
  class space    used 13489K, capacity 16364K, committed 16384K, reserved 1048576K
}
Event: 18,454 GC heap after
{Heap after GC invocations=32 (full 0):
 garbage-first heap   total 133120K, used 45046K [0x00000000a0000000, 0x0000000100000000)
  region size 1024K, 5 young (5120K), 5 survivors (5120K)
 Metaspace       used 93907K, capacity 99484K, committed 99584K, reserved 1132544K
  class space    used 13489K, capacity 16364K, committed 16384K, reserved 1048576K
}
Event: 18,557 GC heap before
{Heap before GC invocations=32 (full 0):
 garbage-first heap   total 133120K, used 108534K [0x00000000a0000000, 0x0000000100000000)
  region size 1024K, 67 young (68608K), 5 survivors (5120K)
 Metaspace       used 93909K, capacity 99484K, committed 99584K, reserved 1132544K
  class space    used 13489K, capacity 16364K, committed 16384K, reserved 1048576K
}

