# JRE version: Java(TM) SE Runtime Environment (11.0.2+9) (build 11.0.2+9-LTS)
# Java VM: Java HotSpot(TM) 64-Bit Server VM (11.0.2+9-LTS, mixed mode, tiered, compressed oops, g1 gc, linux-amd64)
Heap:
 garbage-first heap   total 183296K, used 49948K [0x00000000a0000000, 0x0000000100000000)
  region size 1024K, 1 young (1024K), 1 survivors (1024K)
 Metaspace       used 80897K, capacity 85692K, committed 86016K, reserved 1120256K
  class space    used 12109K, capacity 14740K, committed 14848K, reserved 1048576K
GC Heap History (10 events):
Event: 11,965 GC heap after
{Heap after GC invocations=19 (full 2):
 garbage-first heap   total 71680K, used 29056K [0x00000000a0000000, 0x0000000100000000)
  region size 1024K, 4 young (4096K), 4 survivors (4096K)
 Metaspace       used 73372K, capacity 77429K, committed 77696K, reserved 1114112K
  class space    used 10908K, capacity 13096K, committed 13184K, reserved 1048576K
}
Event: 13,662 GC heap before
{Heap before GC invocations=19 (full 2):
 garbage-first heap   total 71680K, used 53632K [0x00000000a0000000, 0x0000000100000000)
  region size 1024K, 27 young (27648K), 4 survivors (4096K)
 Metaspace       used 74961K, capacity 79137K, committed 79488K, reserved 1116160K
  class space    used 11102K, capacity 13337K, committed 13440K, reserved 1048576K
}
Event: 13,696 GC heap after
{Heap after GC invocations=20 (full 2):
 garbage-first heap   total 86016K, used 38644K [0x00000000a0000000, 0x0000000100000000)
  region size 1024K, 4 young (4096K), 4 survivors (4096K)
 Metaspace       used 74961K, capacity 79137K, committed 79488K, reserved 1116160K
  class space    used 11102K, capacity 13337K, committed 13440K, reserved 1048576K
}
Event: 16,341 GC heap before
{Heap before GC invocations=20 (full 2):
 garbage-first heap   total 86016K, used 61172K [0x00000000a0000000, 0x0000000100000000)
  region size 1024K, 26 young (26624K), 4 survivors (4096K)
 Metaspace       used 76903K, capacity 81242K, committed 81408K, reserved 1116160K
  class space    used 11384K, capacity 13722K, committed 13824K, reserved 1048576K
}
Event: 16,590 GC heap after
{Heap after GC invocations=21 (full 2):
 garbage-first heap   total 86016K, used 44132K [0x00000000a0000000, 0x0000000100000000)
  region size 1024K, 4 young (4096K), 4 survivors (4096K)
 Metaspace       used 76903K, capacity 81242K, committed 81408K, reserved 1116160K
  class space    used 11384K, capacity 13722K, committed 13824K, reserved 1048576K
}
Event: 27,417 GC heap before
{Heap before GC invocations=21 (full 2):
 garbage-first heap   total 86016K, used 55396K [0x00000000a0000000, 0x0000000100000000)
  region size 1024K, 16 young (16384K), 4 survivors (4096K)
 Metaspace       used 78463K, capacity 83092K, committed 83456K, reserved 1118208K
  class space    used 11722K, capacity 14255K, committed 14336K, reserved 1048576K
}
Event: 27,482 GC heap after
{Heap after GC invocations=22 (full 2):
 garbage-first heap   total 86016K, used 46110K [0x00000000a0000000, 0x0000000100000000)
  region size 1024K, 2 young (2048K), 2 survivors (2048K)
 Metaspace       used 78463K, capacity 83092K, committed 83456K, reserved 1118208K
  class space    used 11722K, capacity 14255K, committed 14336K, reserved 1048576K
}
Event: 33,868 GC heap before
{Heap before GC invocations=23 (full 2):
 garbage-first heap   total 86016K, used 63518K [0x00000000a0000000, 0x0000000100000000)
  region size 1024K, 18 young (18432K), 2 survivors (2048K)
 Metaspace       used 80765K, capacity 85568K, committed 85632K, reserved 1120256K
  class space    used 12088K, capacity 14717K, committed 14720K, reserved 1048576K
}
Event: 34,710 GC heap after
{Heap after GC invocations=24 (full 2):
 garbage-first heap   total 86016K, used 49252K [0x00000000a0000000, 0x0000000100000000)
  region size 1024K, 3 young (3072K), 3 survivors (3072K)
 Metaspace       used 80765K, capacity 85568K, committed 85632K, reserved 1120256K
  class space    used 12088K, capacity 14717K, committed 14720K, reserved 1048576K
}
Event: 43,606 GC heap before
{Heap before GC invocations=24 (full 2):
 garbage-first heap   total 86016K, used 50276K [0x00000000a0000000, 0x0000000100000000)
  region size 1024K, 4 young (4096K), 3 survivors (3072K)
 Metaspace       used 80897K, capacity 85692K, committed 86016K, reserved 1120256K
  class space    used 12109K, capacity 14740K, committed 14848K, reserved 1048576K
}

