# JRE version: Java(TM) SE Runtime Environment (11.0.2+9) (build 11.0.2+9-LTS)
# Java VM: Java HotSpot(TM) 64-Bit Server VM (11.0.2+9-LTS, mixed mode, tiered, compressed oops, g1 gc, linux-amd64)
Heap:
 garbage-first heap   total 126976K, used 15441K [0x00000000a0000000, 0x0000000100000000)
  region size 1024K, 2 young (2048K), 2 survivors (2048K)
 Metaspace       used 49245K, capacity 51249K, committed 51456K, reserved 1091584K
  class space    used 7219K, capacity 8370K, committed 8448K, reserved 1048576K
GC Heap History (10 events):
Event: 2,284 GC heap after
{Heap after GC invocations=2 (full 0):
 garbage-first heap   total 63488K, used 5551K [0x00000000a0000000, 0x0000000100000000)
  region size 1024K, 3 young (3072K), 3 survivors (3072K)
 Metaspace       used 20699K, capacity 21115K, committed 21248K, reserved 1067008K
  class space    used 2590K, capacity 2807K, committed 2816K, reserved 1048576K
}
Event: 3,273 GC heap before
{Heap before GC invocations=3 (full 0):
 garbage-first heap   total 63488K, used 38319K [0x00000000a0000000, 0x0000000100000000)
  region size 1024K, 35 young (35840K), 3 survivors (3072K)
 Metaspace       used 31982K, capacity 32688K, committed 32896K, reserved 1077248K
  class space    used 4336K, capacity 4650K, committed 4736K, reserved 1048576K
}
Event: 3,280 GC heap after
{Heap after GC invocations=4 (full 0):
 garbage-first heap   total 63488K, used 9600K [0x00000000a0000000, 0x0000000100000000)
  region size 1024K, 5 young (5120K), 5 survivors (5120K)
 Metaspace       used 31982K, capacity 32688K, committed 32896K, reserved 1077248K
  class space    used 4336K, capacity 4650K, committed 4736K, reserved 1048576K
}
Event: 3,652 GC heap before
{Heap before GC invocations=4 (full 0):
 garbage-first heap   total 63488K, used 18816K [0x00000000a0000000, 0x0000000100000000)
  region size 1024K, 15 young (15360K), 5 survivors (5120K)
 Metaspace       used 34805K, capacity 35676K, committed 35840K, reserved 1079296K
  class space    used 4742K, capacity 5159K, committed 5248K, reserved 1048576K
}
Event: 3,660 GC heap after
{Heap after GC invocations=5 (full 0):
 garbage-first heap   total 63488K, used 10715K [0x00000000a0000000, 0x0000000100000000)
  region size 1024K, 1 young (1024K), 1 survivors (1024K)
 Metaspace       used 34805K, capacity 35676K, committed 35840K, reserved 1079296K
  class space    used 4742K, capacity 5159K, committed 5248K, reserved 1048576K
}
Event: 4,330 GC heap before
{Heap before GC invocations=6 (full 0):
 garbage-first heap   total 63488K, used 33243K [0x00000000a0000000, 0x0000000100000000)
  region size 1024K, 24 young (24576K), 1 survivors (1024K)
 Metaspace       used 39196K, capacity 40184K, committed 40320K, reserved 1083392K
  class space    used 5386K, capacity 5893K, committed 6016K, reserved 1048576K
}
Event: 4,338 GC heap after
{Heap after GC invocations=7 (full 0):
 garbage-first heap   total 63488K, used 13312K [0x00000000a0000000, 0x0000000100000000)
  region size 1024K, 3 young (3072K), 3 survivors (3072K)
 Metaspace       used 39196K, capacity 40184K, committed 40320K, reserved 1083392K
  class space    used 5386K, capacity 5893K, committed 6016K, reserved 1048576K
}
Event: 11,046 GC heap before
{Heap before GC invocations=7 (full 0):
 garbage-first heap   total 63488K, used 35840K [0x00000000a0000000, 0x0000000100000000)
  region size 1024K, 26 young (26624K), 3 survivors (3072K)
 Metaspace       used 44848K, capacity 46256K, committed 46464K, reserved 1089536K
  class space    used 6243K, capacity 6986K, committed 7040K, reserved 1048576K
}
Event: 11,318 GC heap after
{Heap after GC invocations=8 (full 0):
 garbage-first heap   total 63488K, used 14442K [0x00000000a0000000, 0x0000000100000000)
  region size 1024K, 1 young (1024K), 1 survivors (1024K)
 Metaspace       used 44848K, capacity 46256K, committed 46464K, reserved 1089536K
  class space    used 6243K, capacity 6986K, committed 7040K, reserved 1048576K
}
Event: 22,411 GC heap before
{Heap before GC invocations=8 (full 0):
 garbage-first heap   total 63488K, used 36970K [0x00000000a0000000, 0x0000000100000000)
  region size 1024K, 24 young (24576K), 1 survivors (1024K)
 Metaspace       used 49245K, capacity 51249K, committed 51456K, reserved 1091584K
  class space    used 7219K, capacity 8370K, committed 8448K, reserved 1048576K
}

