# JRE version: Java(TM) SE Runtime Environment (11.0.2+9) (build 11.0.2+9-LTS)
# Java VM: Java HotSpot(TM) 64-Bit Server VM (11.0.2+9-LTS, mixed mode, tiered, compressed oops, g1 gc, linux-amd64)
Heap:
 garbage-first heap   total 497664K, used 33535K [0x00000000a0000000, 0x0000000100000000)
  region size 1024K, 8 young (8192K), 8 survivors (8192K)
 Metaspace       used 78773K, capacity 82738K, committed 82944K, reserved 1118208K
  class space    used 11410K, capacity 13540K, committed 13568K, reserved 1048576K
GC Heap History (10 events):
Event: 58,010 GC heap after
{Heap after GC invocations=41 (full 0):
 garbage-first heap   total 63488K, used 27670K [0x00000000a0000000, 0x0000000100000000)
  region size 1024K, 3 young (3072K), 3 survivors (3072K)
 Metaspace       used 73781K, capacity 77428K, committed 77568K, reserved 1114112K
  class space    used 10749K, capacity 12719K, committed 12800K, reserved 1048576K
}
Event: 58,074 GC heap before
{Heap before GC invocations=41 (full 0):
 garbage-first heap   total 63488K, used 51222K [0x00000000a0000000, 0x0000000100000000)
  region size 1024K, 26 young (26624K), 3 survivors (3072K)
 Metaspace       used 73787K, capacity 77428K, committed 77568K, reserved 1114112K
  class space    used 10749K, capacity 12719K, committed 12800K, reserved 1048576K
}
Event: 58,080 GC heap after
{Heap after GC invocations=42 (full 0):
 garbage-first heap   total 165888K, used 27947K [0x00000000a0000000, 0x0000000100000000)
  region size 1024K, 3 young (3072K), 3 survivors (3072K)
 Metaspace       used 73787K, capacity 77428K, committed 77568K, reserved 1114112K
  class space    used 10749K, capacity 12719K, committed 12800K, reserved 1048576K
}
Event: 58,235 GC heap before
{Heap before GC invocations=42 (full 0):
 garbage-first heap   total 165888K, used 95531K [0x00000000a0000000, 0x0000000100000000)
  region size 1024K, 69 young (70656K), 3 survivors (3072K)
 Metaspace       used 73804K, capacity 77428K, committed 77568K, reserved 1114112K
  class space    used 10749K, capacity 12719K, committed 12800K, reserved 1048576K
}
Event: 58,239 GC heap after
{Heap after GC invocations=43 (full 0):
 garbage-first heap   total 165888K, used 28427K [0x00000000a0000000, 0x0000000100000000)
  region size 1024K, 3 young (3072K), 3 survivors (3072K)
 Metaspace       used 73804K, capacity 77428K, committed 77568K, reserved 1114112K
  class space    used 10749K, capacity 12719K, committed 12800K, reserved 1048576K
}
Event: 58,905 GC heap before
{Heap before GC invocations=43 (full 0):
 garbage-first heap   total 165888K, used 122635K [0x00000000a0000000, 0x0000000100000000)
  region size 1024K, 95 young (97280K), 3 survivors (3072K)
 Metaspace       used 73808K, capacity 77428K, committed 77568K, reserved 1114112K
  class space    used 10749K, capacity 12719K, committed 12800K, reserved 1048576K
}
Event: 58,958 GC heap after
{Heap after GC invocations=44 (full 0):
 garbage-first heap   total 165888K, used 29095K [0x00000000a0000000, 0x0000000100000000)
  region size 1024K, 4 young (4096K), 4 survivors (4096K)
 Metaspace       used 73808K, capacity 77428K, committed 77568K, reserved 1114112K
  class space    used 10749K, capacity 12719K, committed 12800K, reserved 1048576K
}
Event: 59,092 GC heap before
{Heap before GC invocations=44 (full 0):
 garbage-first heap   total 165888K, used 124327K [0x00000000a0000000, 0x0000000100000000)
  region size 1024K, 97 young (99328K), 4 survivors (4096K)
 Metaspace       used 73811K, capacity 77429K, committed 77568K, reserved 1114112K
  class space    used 10749K, capacity 12719K, committed 12800K, reserved 1048576K
}
Event: 59,363 GC heap after
{Heap after GC invocations=45 (full 0):
 garbage-first heap   total 165888K, used 30742K [0x00000000a0000000, 0x0000000100000000)
  region size 1024K, 5 young (5120K), 5 survivors (5120K)
 Metaspace       used 73811K, capacity 77429K, committed 77568K, reserved 1114112K
  class space    used 10749K, capacity 12719K, committed 12800K, reserved 1048576K
}
Event: 62,794 GC heap before
{Heap before GC invocations=45 (full 0):
 garbage-first heap   total 165888K, used 133142K [0x00000000a0000000, 0x0000000100000000)
  region size 1024K, 97 young (99328K), 5 survivors (5120K)
 Metaspace       used 78773K, capacity 82738K, committed 82944K, reserved 1118208K
  class space    used 11410K, capacity 13540K, committed 13568K, reserved 1048576K
}

