# JRE version: Java(TM) SE Runtime Environment (11.0.2+9) (build 11.0.2+9-LTS)
# Java VM: Java HotSpot(TM) 64-Bit Server VM (11.0.2+9-LTS, mixed mode, tiered, compressed oops, g1 gc, linux-amd64)
Heap:
 garbage-first heap   total 117760K, used 25481K [0x00000000a0000000, 0x0000000100000000)
  region size 1024K, 3 young (3072K), 3 survivors (3072K)
 Metaspace       used 75843K, capacity 80183K, committed 80384K, reserved 1116160K
  class space    used 11114K, capacity 13303K, committed 13312K, reserved 1048576K
GC Heap History (10 events):
Event: 6,806 GC heap after
{Heap after GC invocations=10 (full 0):
 garbage-first heap   total 76800K, used 19669K [0x00000000a0000000, 0x0000000100000000)
  region size 1024K, 4 young (4096K), 4 survivors (4096K)
 Metaspace       used 54481K, capacity 56393K, committed 56448K, reserved 1097728K
  class space    used 7340K, capacity 8282K, committed 8320K, reserved 1048576K
}
Event: 7,314 GC heap before
{Heap before GC invocations=10 (full 0):
 garbage-first heap   total 76800K, used 29909K [0x00000000a0000000, 0x0000000100000000)
  region size 1024K, 15 young (15360K), 4 survivors (4096K)
 Metaspace       used 57787K, capacity 59746K, committed 59904K, reserved 1099776K
  class space    used 7644K, capacity 8640K, committed 8704K, reserved 1048576K
}
Event: 7,390 GC heap after
{Heap after GC invocations=11 (full 0):
 garbage-first heap   total 76800K, used 20450K [0x00000000a0000000, 0x0000000100000000)
  region size 1024K, 1 young (1024K), 1 survivors (1024K)
 Metaspace       used 57787K, capacity 59746K, committed 59904K, reserved 1099776K
  class space    used 7644K, capacity 8640K, committed 8704K, reserved 1048576K
}
Event: 8,397 GC heap before
{Heap before GC invocations=12 (full 0):
 garbage-first heap   total 76800K, used 44002K [0x00000000a0000000, 0x0000000100000000)
  region size 1024K, 25 young (25600K), 1 survivors (1024K)
 Metaspace       used 63113K, capacity 66187K, committed 66304K, reserved 1105920K
  class space    used 8904K, capacity 10473K, committed 10496K, reserved 1048576K
}
Event: 8,402 GC heap after
{Heap after GC invocations=13 (full 0):
 garbage-first heap   total 76800K, used 21307K [0x00000000a0000000, 0x0000000100000000)
  region size 1024K, 2 young (2048K), 2 survivors (2048K)
 Metaspace       used 63113K, capacity 66187K, committed 66304K, reserved 1105920K
  class space    used 8904K, capacity 10473K, committed 10496K, reserved 1048576K
}
Event: 9,448 GC heap before
{Heap before GC invocations=13 (full 0):
 garbage-first heap   total 76800K, used 46907K [0x00000000a0000000, 0x0000000100000000)
  region size 1024K, 27 young (27648K), 2 survivors (2048K)
 Metaspace       used 66447K, capacity 70190K, committed 70272K, reserved 1107968K
  class space    used 9724K, capacity 11632K, committed 11648K, reserved 1048576K
}
Event: 9,523 GC heap after
{Heap after GC invocations=14 (full 0):
 garbage-first heap   total 76800K, used 22960K [0x00000000a0000000, 0x0000000100000000)
  region size 1024K, 4 young (4096K), 4 survivors (4096K)
 Metaspace       used 66447K, capacity 70190K, committed 70272K, reserved 1107968K
  class space    used 9724K, capacity 11632K, committed 11648K, reserved 1048576K
}
Event: 11,420 GC heap before
{Heap before GC invocations=14 (full 0):
 garbage-first heap   total 76800K, used 48560K [0x00000000a0000000, 0x0000000100000000)
  region size 1024K, 30 young (30720K), 4 survivors (4096K)
 Metaspace       used 71495K, capacity 75617K, committed 75776K, reserved 1112064K
  class space    used 10594K, capacity 12712K, committed 12800K, reserved 1048576K
}
Event: 11,521 GC heap after
{Heap after GC invocations=15 (full 0):
 garbage-first heap   total 76800K, used 23894K [0x00000000a0000000, 0x0000000100000000)
  region size 1024K, 3 young (3072K), 3 survivors (3072K)
 Metaspace       used 71495K, capacity 75617K, committed 75776K, reserved 1112064K
  class space    used 10594K, capacity 12712K, committed 12800K, reserved 1048576K
}
Event: 14,774 GC heap before
{Heap before GC invocations=15 (full 0):
 garbage-first heap   total 76800K, used 51542K [0x00000000a0000000, 0x0000000100000000)
  region size 1024K, 30 young (30720K), 3 survivors (3072K)
 Metaspace       used 75843K, capacity 80183K, committed 80384K, reserved 1116160K
  class space    used 11114K, capacity 13303K, committed 13312K, reserved 1048576K
}

