# JRE version: Java(TM) SE Runtime Environment (11.0.2+9) (build 11.0.2+9-LTS)
# Java VM: Java HotSpot(TM) 64-Bit Server VM (11.0.2+9-LTS, mixed mode, tiered, compressed oops, g1 gc, linux-amd64)
Heap:
 garbage-first heap   total 146432K, used 18361K [0x00000000a0000000, 0x0000000100000000)
  region size 1024K, 2 young (2048K), 2 survivors (2048K)
 Metaspace       used 56517K, capacity 59862K, committed 59948K, reserved 1097728K
  class space    used 8942K, capacity 10769K, committed 10796K, reserved 1048576K
GC Heap History (10 events):
Event: 3,782 GC heap after
{Heap after GC invocations=5 (full 0):
 garbage-first heap   total 63488K, used 10752K [0x00000000a0000000, 0x0000000100000000)
  region size 1024K, 1 young (1024K), 1 survivors (1024K)
 Metaspace       used 34859K, capacity 35669K, committed 35840K, reserved 1079296K
  class space    used 4747K, capacity 5159K, committed 5248K, reserved 1048576K
}
Event: 4,595 GC heap before
{Heap before GC invocations=6 (full 0):
 garbage-first heap   total 63488K, used 33280K [0x00000000a0000000, 0x0000000100000000)
  region size 1024K, 24 young (24576K), 1 survivors (1024K)
 Metaspace       used 39225K, capacity 40271K, committed 40576K, reserved 1083392K
  class space    used 5395K, capacity 5905K, committed 6016K, reserved 1048576K
}
Event: 4,604 GC heap after
{Heap after GC invocations=7 (full 0):
 garbage-first heap   total 63488K, used 13646K [0x00000000a0000000, 0x0000000100000000)
  region size 1024K, 3 young (3072K), 3 survivors (3072K)
 Metaspace       used 39225K, capacity 40271K, committed 40576K, reserved 1083392K
  class space    used 5395K, capacity 5905K, committed 6016K, reserved 1048576K
}
Event: 5,297 GC heap before
{Heap before GC invocations=7 (full 0):
 garbage-first heap   total 63488K, used 36174K [0x00000000a0000000, 0x0000000100000000)
  region size 1024K, 26 young (26624K), 3 survivors (3072K)
 Metaspace       used 44816K, capacity 46254K, committed 46464K, reserved 1089536K
  class space    used 6237K, capacity 6985K, committed 7040K, reserved 1048576K
}
Event: 5,303 GC heap after
{Heap after GC invocations=8 (full 0):
 garbage-first heap   total 63488K, used 14528K [0x00000000a0000000, 0x0000000100000000)
  region size 1024K, 1 young (1024K), 1 survivors (1024K)
 Metaspace       used 44816K, capacity 46254K, committed 46464K, reserved 1089536K
  class space    used 6237K, capacity 6985K, committed 7040K, reserved 1048576K
}
Event: 6,032 GC heap before
{Heap before GC invocations=8 (full 0):
 garbage-first heap   total 63488K, used 37056K [0x00000000a0000000, 0x0000000100000000)
  region size 1024K, 24 young (24576K), 1 survivors (1024K)
 Metaspace       used 49290K, capacity 51254K, committed 51456K, reserved 1091584K
  class space    used 7219K, capacity 8370K, committed 8448K, reserved 1048576K
}
Event: 6,051 GC heap after
{Heap after GC invocations=9 (full 0):
 garbage-first heap   total 63488K, used 15665K [0x00000000a0000000, 0x0000000100000000)
  region size 1024K, 2 young (2048K), 2 survivors (2048K)
 Metaspace       used 49290K, capacity 51254K, committed 51456K, reserved 1091584K
  class space    used 7219K, capacity 8370K, committed 8448K, reserved 1048576K
}
Event: 16,556 GC heap before
{Heap before GC invocations=9 (full 0):
 garbage-first heap   total 63488K, used 39217K [0x00000000a0000000, 0x0000000100000000)
  region size 1024K, 26 young (26624K), 2 survivors (2048K)
 Metaspace       used 53210K, capacity 56002K, committed 56192K, reserved 1095680K
  class space    used 8196K, capacity 9758K, committed 9856K, reserved 1048576K
}
Event: 17,802 GC heap after
{Heap after GC invocations=10 (full 0):
 garbage-first heap   total 63488K, used 17863K [0x00000000a0000000, 0x0000000100000000)
  region size 1024K, 4 young (4096K), 4 survivors (4096K)
 Metaspace       used 53210K, capacity 56002K, committed 56192K, reserved 1095680K
  class space    used 8196K, capacity 9758K, committed 9856K, reserved 1048576K
}
Event: 51,006 GC heap before
{Heap before GC invocations=10 (full 0):
 garbage-first heap   total 63488K, used 37319K [0x00000000a0000000, 0x0000000100000000)
  region size 1024K, 25 young (25600K), 4 survivors (4096K)
 Metaspace       used 56517K, capacity 59862K, committed 59948K, reserved 1097728K
  class space    used 8942K, capacity 10769K, committed 10796K, reserved 1048576K
}

